::1 - - [01/Aug/2025 08:01:18] "GET /symptoms/%e8%86%9d%e9%96%a2%e7%af%80%e7%97%87/ HTTP/1.1" 200 -
::1 - - [01/Aug/2025 08:01:22] "GET /symptoms/%e8%86%9d%e9%96%a2%e7%af%80%e7%97%87/ HTTP/1.1" 200 -
::1 - - [01/Aug/2025 08:02:14] "GET /symptoms/%e8%86%9d%e9%96%a2%e7%af%80%e7%97%87/ HTTP/1.1" 200 -
::1 - - [01/Aug/2025 08:02:19] "GET /symptoms/%e8%86%9d%e9%96%a2%e7%af%80%e7%97%87/ HTTP/1.1" 200 -
::1 - - [01/Aug/2025 08:11:15] "GET /symptoms/%e9%a0%b8%e6%a4%8e%e7%97%87/ HTTP/1.1" 200 -
::1 - - [01/Aug/2025 08:13:55] "GET /symptoms/%E8%85%B0%E6%A4%8E%E7%97%87/test.html HTTP/1.1" 200 -
::1 - - [01/Aug/2025 08:13:55] code 404, message File not found
::1 - - [01/Aug/2025 08:13:55] "GET /assets/css/style.css HTTP/1.1" 404 -
::1 - - [01/Aug/2025 08:13:55] code 404, message File not found
::1 - - [01/Aug/2025 08:13:55] "GET /favicon.ico HTTP/1.1" 404 -
::1 - - [01/Aug/2025 08:14:16] "GET / HTTP/1.1" 200 -
::1 - - [01/Aug/2025 08:14:35] code 404, message File not found
::1 - - [01/Aug/2025 08:14:35] "GET /apple-touch-icon-precomposed.png HTTP/1.1" 404 -
::1 - - [01/Aug/2025 08:14:35] code 404, message File not found
::1 - - [01/Aug/2025 08:14:35] "GET /apple-touch-icon.png HTTP/1.1" 404 -
::1 - - [01/Aug/2025 08:14:35] code 404, message File not found
::1 - - [01/Aug/2025 08:14:35] "GET /favicon.ico HTTP/1.1" 404 -
::1 - - [01/Aug/2025 08:39:44] code 404, message File not found
::1 - - [01/Aug/2025 08:39:44] "GET /symptoms/%E8%85%B0%E6%A4%8E%E7%97%87/test.html HTTP/1.1" 404 -
::1 - - [01/Aug/2025 08:39:44] code 404, message File not found
::1 - - [01/Aug/2025 08:39:44] "GET /favicon.ico HTTP/1.1" 404 -
::1 - - [01/Aug/2025 08:39:48] code 404, message File not found
::1 - - [01/Aug/2025 08:39:48] "GET /symptoms/%E8%85%B0%E6%A4%8E%E7%97%87/test.html HTTP/1.1" 404 -
::1 - - [01/Aug/2025 08:40:52] "GET / HTTP/1.1" 200 -
::1 - - [01/Aug/2025 08:41:00] "GET / HTTP/1.1" 200 -
::1 - - [01/Aug/2025 08:41:00] code 404, message File not found
::1 - - [01/Aug/2025 08:41:00] "GET /favicon.ico HTTP/1.1" 404 -
::1 - - [01/Aug/2025 08:42:43] "GET / HTTP/1.1" 200 -
::1 - - [01/Aug/2025 08:42:48] "GET / HTTP/1.1" 200 -
::1 - - [01/Aug/2025 08:42:54] code 404, message File not found
::1 - - [01/Aug/2025 08:42:54] "GET /.well-known/appspecific/com.chrome.devtools.json HTTP/1.1" 404 -
::1 - - [01/Aug/2025 08:44:52] "GET / HTTP/1.1" 200 -
::1 - - [01/Aug/2025 08:44:52] code 404, message File not found
::1 - - [01/Aug/2025 08:44:52] "GET /assets/css/style.css HTTP/1.1" 404 -
::1 - - [01/Aug/2025 08:44:52] code 404, message File not found
::1 - - [01/Aug/2025 08:44:52] "GET /.well-known/appspecific/com.chrome.devtools.json HTTP/1.1" 404 -
::1 - - [01/Aug/2025 08:44:52] "GET /assets/images/hero-massage.jpg HTTP/1.1" 200 -
::1 - - [01/Aug/2025 08:45:05] "GET / HTTP/1.1" 200 -
::1 - - [01/Aug/2025 08:45:05] code 404, message File not found
::1 - - [01/Aug/2025 08:45:05] "GET /assets/css/style.css HTTP/1.1" 404 -
::1 - - [01/Aug/2025 08:45:05] "GET /assets/images/hero-massage.jpg HTTP/1.1" 200 -
::1 - - [01/Aug/2025 08:45:06] code 404, message File not found
::1 - - [01/Aug/2025 08:45:06] "GET /assets/css/style.css HTTP/1.1" 404 -
::1 - - [01/Aug/2025 08:46:53] "GET /symptoms/%E8%84%B3%E6%A2%97%E5%A1%9E/ HTTP/1.1" 200 -
::1 - - [01/Aug/2025 08:46:53] code 404, message File not found
::1 - - [01/Aug/2025 08:46:53] "GET /assets/css/style.css HTTP/1.1" 404 -
::1 - - [01/Aug/2025 08:48:44] "GET / HTTP/1.1" 200 -
::1 - - [01/Aug/2025 08:48:44] "GET /assets/css/style.css HTTP/1.1" 200 -
::1 - - [01/Aug/2025 08:50:04] "GET / HTTP/1.1" 200 -
::1 - - [01/Aug/2025 08:50:04] "GET /assets/css/style.css HTTP/1.1" 200 -
::1 - - [01/Aug/2025 08:52:44] "GET /symptoms/%E3%83%91%E3%83%BC%E3%82%AD%E3%83%B3%E3%82%BD%E3%83%B3%E7%97%85/ HTTP/1.1" 200 -
::1 - - [01/Aug/2025 08:52:44] "GET /assets/css/style.css HTTP/1.1" 304 -
::1 - - [01/Aug/2025 08:52:46] "GET / HTTP/1.1" 304 -
::1 - - [01/Aug/2025 08:52:50] "GET /symptoms/%E8%84%8A%E6%9F%B1%E7%AE%A1%E7%8B%AD%E7%AA%84%E7%97%87/ HTTP/1.1" 200 -
::1 - - [01/Aug/2025 08:52:55] "GET /symptoms/%E9%A0%B8%E6%A4%8E%E7%97%87/ HTTP/1.1" 200 -
::1 - - [01/Aug/2025 08:53:00] "GET /symptoms/%E5%A4%89%E5%BD%A2%E6%80%A7%E9%96%A2%E7%AF%80%E7%97%87/ HTTP/1.1" 200 -
::1 - - [01/Aug/2025 08:53:04] "GET / HTTP/1.1" 304 -
::1 - - [01/Aug/2025 08:53:04] "GET /assets/css/style.css HTTP/1.1" 304 -
::1 - - [01/Aug/2025 08:53:09] "GET /symptoms/ HTTP/1.1" 200 -
::1 - - [01/Aug/2025 08:53:55] "GET /symptoms/ HTTP/1.1" 200 -
::1 - - [01/Aug/2025 08:55:39] "GET / HTTP/1.1" 304 -
::1 - - [01/Aug/2025 08:55:39] "GET /assets/css/style.css HTTP/1.1" 304 -
::1 - - [01/Aug/2025 08:55:52] "GET /symptoms/ HTTP/1.1" 200 -
::1 - - [01/Aug/2025 08:57:14] "GET / HTTP/1.1" 200 -
::1 - - [01/Aug/2025 08:57:15] "GET / HTTP/1.1" 200 -
::1 - - [01/Aug/2025 08:57:21] code 404, message File not found
::1 - - [01/Aug/2025 08:57:21] "GET /apple-touch-icon-precomposed.png HTTP/1.1" 404 -
::1 - - [01/Aug/2025 08:57:21] code 404, message File not found
::1 - - [01/Aug/2025 08:57:21] "GET /apple-touch-icon.png HTTP/1.1" 404 -
::1 - - [01/Aug/2025 08:57:21] code 404, message File not found
::1 - - [01/Aug/2025 08:57:21] "GET /favicon.ico HTTP/1.1" 404 -
::1 - - [01/Aug/2025 08:57:56] "GET / HTTP/1.1" 200 -
::1 - - [01/Aug/2025 08:57:58] code 404, message File not found
::1 - - [01/Aug/2025 08:57:58] "GET /apple-touch-icon-precomposed.png HTTP/1.1" 404 -
::1 - - [01/Aug/2025 08:57:58] code 404, message File not found
::1 - - [01/Aug/2025 08:57:58] "GET /apple-touch-icon.png HTTP/1.1" 404 -
::1 - - [01/Aug/2025 08:57:58] code 404, message File not found
::1 - - [01/Aug/2025 08:57:58] "GET /favicon.ico HTTP/1.1" 404 -
::1 - - [01/Aug/2025 09:00:25] "GET / HTTP/1.1" 200 -
::1 - - [01/Aug/2025 09:00:27] "GET / HTTP/1.1" 200 -
::1 - - [01/Aug/2025 09:00:30] "GET / HTTP/1.1" 200 -
::1 - - [01/Aug/2025 09:00:41] "GET /symptoms/%E8%86%9D%E9%96%A2%E7%AF%80%E7%97%87/ HTTP/1.1" 200 -
::1 - - [01/Aug/2025 09:00:41] code 404, message File not found
::1 - - [01/Aug/2025 09:00:41] "GET /assets/css/style.css HTTP/1.1" 404 -
::1 - - [01/Aug/2025 09:00:43] "GET / HTTP/1.1" 200 -
::1 - - [01/Aug/2025 09:01:22] "GET / HTTP/1.1" 200 -
::1 - - [01/Aug/2025 09:02:11] "GET /symptoms/ HTTP/1.1" 200 -
::1 - - [01/Aug/2025 09:02:19] code 404, message File not found
::1 - - [01/Aug/2025 09:02:19] "GET /assets/css/style.css HTTP/1.1" 404 -
::1 - - [01/Aug/2025 09:04:19] "GET / HTTP/1.1" 200 -
::1 - - [01/Aug/2025 09:04:48] code 404, message File not found
::1 - - [01/Aug/2025 09:04:48] "GET /apple-touch-icon-precomposed.png HTTP/1.1" 404 -
::1 - - [01/Aug/2025 09:04:48] code 404, message File not found
::1 - - [01/Aug/2025 09:04:48] "GET /apple-touch-icon.png HTTP/1.1" 404 -
::1 - - [01/Aug/2025 09:04:48] code 404, message File not found
::1 - - [01/Aug/2025 09:04:48] "GET /favicon.ico HTTP/1.1" 404 -
::1 - - [01/Aug/2025 09:06:28] "GET /symptoms/ HTTP/1.1" 200 -
::1 - - [01/Aug/2025 09:06:32] "GET /symptoms/%E4%BA%94%E5%8D%81%E8%82%A9/ HTTP/1.1" 200 -
::1 - - [01/Aug/2025 09:06:32] code 404, message File not found
::1 - - [01/Aug/2025 09:06:32] "GET /assets/css/style.css HTTP/1.1" 404 -
::1 - - [01/Aug/2025 09:06:49] "GET /symptoms/%E8%84%B3%E6%A2%97%E5%A1%9E/ HTTP/1.1" 304 -
::1 - - [01/Aug/2025 09:06:49] code 404, message File not found
::1 - - [01/Aug/2025 09:06:49] "GET /assets/css/style.css HTTP/1.1" 404 -
::1 - - [01/Aug/2025 09:06:53] "GET /symptoms/%E8%85%B0%E6%A4%8E%E7%97%87/ HTTP/1.1" 200 -
::1 - - [01/Aug/2025 09:06:53] code 404, message File not found
::1 - - [01/Aug/2025 09:06:53] "GET /assets/css/style.css HTTP/1.1" 404 -
::1 - - [01/Aug/2025 09:06:56] "GET /symptoms/%E9%A0%B8%E6%A4%8E%E7%97%87/ HTTP/1.1" 304 -
::1 - - [01/Aug/2025 09:07:03] "GET /symptoms/%E9%AA%A8%E7%B2%97%E9%AC%86%E7%97%87/ HTTP/1.1" 200 -
::1 - - [01/Aug/2025 09:07:03] code 404, message File not found
::1 - - [01/Aug/2025 09:07:03] "GET /assets/css/style.css HTTP/1.1" 404 -
::1 - - [01/Aug/2025 09:07:09] "GET /symptoms/%E6%A4%8E%E9%96%93%E6%9D%BF%E3%83%98%E3%83%AB%E3%83%8B%E3%82%A2/ HTTP/1.1" 200 -
::1 - - [01/Aug/2025 09:07:09] code 404, message File not found
::1 - - [01/Aug/2025 09:07:09] "GET /assets/css/style.css HTTP/1.1" 404 -
::1 - - [01/Aug/2025 09:07:13] "GET /symptoms/%E3%83%91%E3%83%BC%E3%82%AD%E3%83%B3%E3%82%BD%E3%83%B3%E7%97%85/ HTTP/1.1" 304 -
::1 - - [01/Aug/2025 09:07:13] code 404, message File not found
::1 - - [01/Aug/2025 09:07:13] "GET /assets/css/style.css HTTP/1.1" 404 -
::1 - - [01/Aug/2025 09:07:18] "GET / HTTP/1.1" 200 -
::1 - - [01/Aug/2025 09:07:19] "GET /symptoms/ HTTP/1.1" 200 -
::1 - - [01/Aug/2025 09:08:53] "GET /areas/%E4%B8%AD%E5%A4%AE%E5%8C%BA/ HTTP/1.1" 200 -
